C:\Users\RuudW\Documents\Visual Studio 2017\Projects\WebApplication1\WebApplication1\scripts\file1.js
C:\Users\RuudW\Documents\Visual Studio 2017\Projects\WebApplication1\WebApplication1\scripts\file1.js.map
C:\Users\RuudW\Documents\Visual Studio 2017\Projects\WebApplication1\WebApplication1\scripts\file1.js
C:\Users\RuudW\Documents\Visual Studio 2017\Projects\WebApplication1\WebApplication1\scripts\file1.js.map
C:\Users\RuudW\Documents\Visual Studio 2017\Projects\WebApplication1\WebApplication1\scripts\file1.js
C:\Users\RuudW\Documents\Visual Studio 2017\Projects\WebApplication1\WebApplication1\scripts\file1.js.map
C:\Users\RuudW\Documents\Visual Studio 2017\Projects\WebApplication1\WebApplication1\scripts\test.js
C:\Users\RuudW\Documents\Visual Studio 2017\Projects\WebApplication1\WebApplication1\scripts\test.js.map
C:\Users\RuudW\Documents\Visual Studio 2017\Projects\WebApplication1\WebApplication1\scripts\test.js
C:\Users\RuudW\Documents\Visual Studio 2017\Projects\WebApplication1\WebApplication1\scripts\test.js.map
C:\Users\RuudW\Documents\Visual Studio 2017\Projects\WebApplication1\WebApplication1\scripts\test.js
C:\Users\RuudW\Documents\Visual Studio 2017\Projects\WebApplication1\WebApplication1\scripts\test.js.map
C:\Users\RuudW\Documents\Visual Studio 2017\Projects\WebApplication1\WebApplication1\scripts\test.js
C:\Users\RuudW\Documents\Visual Studio 2017\Projects\WebApplication1\WebApplication1\scripts\test.js.map
C:\Users\RuudW\Documents\Visual Studio 2017\Projects\WebApplication1\WebApplication1\scripts\test.js
C:\Users\RuudW\Documents\Visual Studio 2017\Projects\WebApplication1\WebApplication1\scripts\test.js.map
C:\Users\RuudW\Documents\Visual Studio 2017\Projects\WebApplication1\WebApplication1\scripts\test.js
C:\Users\RuudW\Documents\Visual Studio 2017\Projects\WebApplication1\WebApplication1\scripts\test.js.map
C:\Users\RuudW\Documents\Visual Studio 2017\Projects\WebApplication1\WebApplication1\scripts\test.js
C:\Users\RuudW\Documents\Visual Studio 2017\Projects\WebApplication1\WebApplication1\scripts\test.js.map
C:\Users\RuudW\Documents\Visual Studio 2017\Projects\WebApplication1\WebApplication1\scripts\test.js
C:\Users\RuudW\Documents\Visual Studio 2017\Projects\WebApplication1\WebApplication1\scripts\test.js.map
C:\Users\RuudW\Documents\Visual Studio 2017\Projects\WebApplication1\WebApplication1\scripts\test.js
C:\Users\RuudW\Documents\Visual Studio 2017\Projects\WebApplication1\WebApplication1\scripts\test.js.map
C:\Users\RuudW\Documents\Visual Studio 2017\Projects\WebApplication1\WebApplication1\scripts\test.js
C:\Users\RuudW\Documents\Visual Studio 2017\Projects\WebApplication1\WebApplication1\scripts\test.js.map
C:\Users\RuudW\Documents\Visual Studio 2017\Projects\WebApplication1\WebApplication1\scripts\test.js
C:\Users\RuudW\Documents\Visual Studio 2017\Projects\WebApplication1\WebApplication1\scripts\test.js.map
C:\Users\RuudW\Documents\Visual Studio 2017\Projects\WebApplication1\WebApplication1\scripts\test.js
C:\Users\RuudW\Documents\Visual Studio 2017\Projects\WebApplication1\WebApplication1\scripts\test.js.map
C:\Users\RuudW\Documents\Visual Studio 2017\Projects\WebApplication1\WebApplication1\scripts\test.js
C:\Users\RuudW\Documents\Visual Studio 2017\Projects\WebApplication1\WebApplication1\scripts\test.js.map
C:\Users\RuudW\Documents\Visual Studio 2017\Projects\WebApplication1\WebApplication1\scripts\test.js
C:\Users\RuudW\Documents\Visual Studio 2017\Projects\WebApplication1\WebApplication1\scripts\test.js.map
C:\Users\RuudW\Documents\Visual Studio 2017\Projects\WebApplication1\WebApplication1\scripts\test.js
C:\Users\RuudW\Documents\Visual Studio 2017\Projects\WebApplication1\WebApplication1\scripts\test.js.map
C:\Users\RuudW\Documents\Visual Studio 2017\Projects\WebApplication1\WebApplication1\scripts\test.js
C:\Users\RuudW\Documents\Visual Studio 2017\Projects\WebApplication1\WebApplication1\scripts\test.js.map
C:\Users\RuudW\Documents\Visual Studio 2017\Projects\WebApplication1\WebApplication1\scripts\pixi.js
C:\Users\RuudW\Documents\Visual Studio 2017\Projects\WebApplication1\WebApplication1\scripts\pixi.js.map
C:\Users\RuudW\Documents\Visual Studio 2017\Projects\WebApplication1\WebApplication1\scripts\pixi.js
C:\Users\RuudW\Documents\Visual Studio 2017\Projects\WebApplication1\WebApplication1\scripts\pixi.js.map
C:\Users\RuudW\Documents\Visual Studio 2017\Projects\WebApplication1\WebApplication1\scripts\pixi.js
C:\Users\RuudW\Documents\Visual Studio 2017\Projects\WebApplication1\WebApplication1\scripts\pixi.js.map
C:\Users\RuudW\Documents\Visual Studio 2017\Projects\WebApplication1\WebApplication1\scripts\pixi.js
C:\Users\RuudW\Documents\Visual Studio 2017\Projects\WebApplication1\WebApplication1\scripts\pixi.js.map
C:\Users\RuudW\Documents\Visual Studio 2017\Projects\WebApplication1\WebApplication1\scripts\pixi.js
C:\Users\RuudW\Documents\Visual Studio 2017\Projects\WebApplication1\WebApplication1\scripts\pixi.js.map
C:\Users\RuudW\Documents\Visual Studio 2017\Projects\WebApplication1\WebApplication1\scripts\pixi.js
C:\Users\RuudW\Documents\Visual Studio 2017\Projects\WebApplication1\WebApplication1\scripts\pixi.js.map
C:\Users\RuudW\Documents\Visual Studio 2017\Projects\WebApplication1\WebApplication1\scripts\pixi.js
C:\Users\RuudW\Documents\Visual Studio 2017\Projects\WebApplication1\WebApplication1\scripts\pixi.js.map
C:\Users\RuudW\Documents\Visual Studio 2017\Projects\WebApplication1\WebApplication1\scripts\pixi.js
C:\Users\RuudW\Documents\Visual Studio 2017\Projects\WebApplication1\WebApplication1\scripts\pixi.js.map
C:\Users\RuudW\Documents\Visual Studio 2017\Projects\WebApplication1\WebApplication1\scripts\pixi.js
C:\Users\RuudW\Documents\Visual Studio 2017\Projects\WebApplication1\WebApplication1\scripts\pixi.js.map
C:\Users\RuudW\Documents\Visual Studio 2017\Projects\WebApplication1\WebApplication1\scripts\pixi.js
C:\Users\RuudW\Documents\Visual Studio 2017\Projects\WebApplication1\WebApplication1\scripts\pixi.js.map
C:\Users\RuudW\Documents\Visual Studio 2017\Projects\WebApplication1\WebApplication1\scripts\pixi.js
C:\Users\RuudW\Documents\Visual Studio 2017\Projects\WebApplication1\WebApplication1\scripts\pixi.js.map
C:\Users\RuudW\Documents\Visual Studio 2017\Projects\WebApplication1\WebApplication1\scripts\pixi.js
C:\Users\RuudW\Documents\Visual Studio 2017\Projects\WebApplication1\WebApplication1\scripts\pixi.js.map
C:\Users\RuudW\Documents\Visual Studio 2017\Projects\WebApplication1\WebApplication1\scripts\pixi.js
C:\Users\RuudW\Documents\Visual Studio 2017\Projects\WebApplication1\WebApplication1\scripts\pixi.js.map
C:\Users\RuudW\Documents\Visual Studio 2017\Projects\WebApplication1\WebApplication1\scripts\pixi.js
C:\Users\RuudW\Documents\Visual Studio 2017\Projects\WebApplication1\WebApplication1\scripts\pixi.js.map
C:\Users\RuudW\Documents\Visual Studio 2017\Projects\WebApplication1\WebApplication1\scripts\pixi.js
C:\Users\RuudW\Documents\Visual Studio 2017\Projects\WebApplication1\WebApplication1\scripts\pixi.js.map
C:\Users\RuudW\Documents\Visual Studio 2017\Projects\WebApplication1\WebApplication1\scripts\pixi.js
C:\Users\RuudW\Documents\Visual Studio 2017\Projects\WebApplication1\WebApplication1\scripts\pixi.js.map
C:\Users\RuudW\Documents\Visual Studio 2017\Projects\WebApplication1\WebApplication1\scripts\pixi.js
C:\Users\RuudW\Documents\Visual Studio 2017\Projects\WebApplication1\WebApplication1\scripts\pixi.js.map
C:\Users\RuudW\Documents\Visual Studio 2017\Projects\WebApplication1\WebApplication1\scripts\pixi.js
C:\Users\RuudW\Documents\Visual Studio 2017\Projects\WebApplication1\WebApplication1\scripts\pixi.js.map
C:\Users\RuudW\Documents\Visual Studio 2017\Projects\WebApplication1\WebApplication1\scripts\pixi.js
C:\Users\RuudW\Documents\Visual Studio 2017\Projects\WebApplication1\WebApplication1\scripts\pixi.js.map
C:\Users\RuudW\Documents\Visual Studio 2017\Projects\WebApplication1\WebApplication1\scripts\pixi.js
C:\Users\RuudW\Documents\Visual Studio 2017\Projects\WebApplication1\WebApplication1\scripts\pixi.js.map
C:\Users\RuudW\Documents\Visual Studio 2017\Projects\WebApplication1\WebApplication1\scripts\pixi.js
C:\Users\RuudW\Documents\Visual Studio 2017\Projects\WebApplication1\WebApplication1\scripts\pixi.js.map
C:\Users\RuudW\Documents\Visual Studio 2017\Projects\WebApplication1\WebApplication1\scripts\pixi.js
C:\Users\RuudW\Documents\Visual Studio 2017\Projects\WebApplication1\WebApplication1\scripts\pixi.js.map
C:\Users\RuudW\Documents\Visual Studio 2017\Projects\WebApplication1\WebApplication1\scripts\pixi.js
C:\Users\RuudW\Documents\Visual Studio 2017\Projects\WebApplication1\WebApplication1\scripts\pixi.js.map
C:\Users\RuudW\Documents\Visual Studio 2017\Projects\WebApplication1\WebApplication1\scripts\pixi.js
C:\Users\RuudW\Documents\Visual Studio 2017\Projects\WebApplication1\WebApplication1\scripts\pixi.js.map
C:\Users\RuudW\Documents\Visual Studio 2017\Projects\WebApplication1\WebApplication1\scripts\pixi.js
C:\Users\RuudW\Documents\Visual Studio 2017\Projects\WebApplication1\WebApplication1\scripts\pixi.js.map
C:\Users\RuudW\Documents\Visual Studio 2017\Projects\WebApplication1\WebApplication1\scripts\pixi.js
C:\Users\RuudW\Documents\Visual Studio 2017\Projects\WebApplication1\WebApplication1\scripts\pixi.js.map
C:\Users\RuudW\Documents\Visual Studio 2017\Projects\WebApplication1\WebApplication1\scripts\pixi.js
C:\Users\RuudW\Documents\Visual Studio 2017\Projects\WebApplication1\WebApplication1\scripts\pixi.js.map
